0 info it worked if it ends with ok
1 verbose cli [ '/usr/local/bin/node',
1 verbose cli   '/usr/local/bin/npm',
1 verbose cli   'install',
1 verbose cli   '-g',
1 verbose cli   'phonegap' ]
2 info using npm@1.3.4
3 info using node@v0.11.5-pre
4 verbose cache add [ 'phonegap', null ]
5 verbose cache add name=undefined spec="phonegap" args=["phonegap",null]
6 verbose parsed url { protocol: null,
6 verbose parsed url   slashes: null,
6 verbose parsed url   auth: null,
6 verbose parsed url   host: null,
6 verbose parsed url   port: null,
6 verbose parsed url   hostname: null,
6 verbose parsed url   hash: null,
6 verbose parsed url   search: null,
6 verbose parsed url   query: null,
6 verbose parsed url   pathname: 'phonegap',
6 verbose parsed url   path: 'phonegap',
6 verbose parsed url   href: 'phonegap' }
7 silly lockFile 10db903f-phonegap phonegap
8 verbose lock phonegap /Users/faraaz/.npm/10db903f-phonegap.lock
9 silly lockFile 10db903f-phonegap phonegap
10 silly lockFile 10db903f-phonegap phonegap
11 verbose addNamed [ 'phonegap', '' ]
12 verbose addNamed [ null, '*' ]
13 silly lockFile 3a6257f3-phonegap phonegap@
14 verbose lock phonegap@ /Users/faraaz/.npm/3a6257f3-phonegap.lock
15 silly addNameRange { name: 'phonegap', range: '*', hasData: false }
16 verbose url raw phonegap
17 verbose url resolving [ 'https://registry.npmjs.org/', './phonegap' ]
18 verbose url resolved https://registry.npmjs.org/phonegap
19 info trying registry request attempt 1 at 23:23:36
20 verbose etag "7A4S8PAR6K5NM39K3UV7T3BCC"
21 http GET https://registry.npmjs.org/phonegap
22 http 304 https://registry.npmjs.org/phonegap
23 silly registry.get cb [ 304,
23 silly registry.get   { server: 'CouchDB/1.3.0 (Erlang OTP/R15B03)',
23 silly registry.get     etag: '"7A4S8PAR6K5NM39K3UV7T3BCC"',
23 silly registry.get     date: 'Tue, 23 Jul 2013 03:23:36 GMT',
23 silly registry.get     'content-length': '0' } ]
24 verbose etag phonegap from cache
25 silly addNameRange number 2 { name: 'phonegap', range: '*', hasData: true }
26 silly addNameRange versions [ 'phonegap',
26 silly addNameRange   [ '0.2.0',
26 silly addNameRange     '0.2.1',
26 silly addNameRange     '0.2.2',
26 silly addNameRange     '0.3.0',
26 silly addNameRange     '0.4.0',
26 silly addNameRange     '0.4.1',
26 silly addNameRange     '0.5.0',
26 silly addNameRange     '0.6.0',
26 silly addNameRange     '0.6.1',
26 silly addNameRange     '0.7.0',
26 silly addNameRange     '0.7.1',
26 silly addNameRange     '0.7.2',
26 silly addNameRange     '0.7.3',
26 silly addNameRange     '0.7.4',
26 silly addNameRange     '0.7.5',
26 silly addNameRange     '0.7.6',
26 silly addNameRange     '0.7.7',
26 silly addNameRange     '0.7.8',
26 silly addNameRange     '0.8.0',
26 silly addNameRange     '0.8.1',
26 silly addNameRange     '0.9.0',
26 silly addNameRange     '0.9.1',
26 silly addNameRange     '0.9.2',
26 silly addNameRange     '0.9.3',
26 silly addNameRange     '0.9.4',
26 silly addNameRange     '2.8.0-0.10.0',
26 silly addNameRange     '2.8.0-0.10.1',
26 silly addNameRange     '2.8.0-0.10.2',
26 silly addNameRange     '2.8.0-0.10.3',
26 silly addNameRange     '2.8.0-0.10.4',
26 silly addNameRange     '2.8.0-0.10.6',
26 silly addNameRange     '2.8.1-0.11.0',
26 silly addNameRange     '2.9.0-0.12.2',
26 silly addNameRange     '2.9.0-0.12.3',
26 silly addNameRange     '2.9.0-0.12.4',
26 silly addNameRange     '2.9.0-0.12.5',
26 silly addNameRange     '2.9.0-0.12.6',
26 silly addNameRange     '2.9.0-0.12.7',
26 silly addNameRange     '2.9.0-0.12.8',
26 silly addNameRange     '2.9.0-rc1-0.12.0',
26 silly addNameRange     '2.9.0-rc1-0.12.1',
26 silly addNameRange     '2.9.0-rc1-0.12.2',
26 silly addNameRange     '2.9.0-0.12.9',
26 silly addNameRange     '2.9.0-0.12.10',
26 silly addNameRange     '2.9.0-0.12.11',
26 silly addNameRange     '2.9.0-0.13.0',
26 silly addNameRange     '2.9.0-0.13.1',
26 silly addNameRange     '2.9.0-0.13.2',
26 silly addNameRange     '3.0.0-rc1-0.13.2',
26 silly addNameRange     '3.0.0-rc1-0.13.3',
26 silly addNameRange     '3.0.0-0.14.0' ] ]
27 verbose addNamed [ 'phonegap', '3.0.0-0.14.0' ]
28 verbose addNamed [ '3.0.0-0.14.0', '3.0.0-0.14.0' ]
29 silly lockFile 73af92ae-phonegap-3-0-0-0-14-0 phonegap@3.0.0-0.14.0
30 verbose lock phonegap@3.0.0-0.14.0 /Users/faraaz/.npm/73af92ae-phonegap-3-0-0-0-14-0.lock
31 silly lockFile 73af92ae-phonegap-3-0-0-0-14-0 phonegap@3.0.0-0.14.0
32 silly lockFile 73af92ae-phonegap-3-0-0-0-14-0 phonegap@3.0.0-0.14.0
33 silly lockFile 3a6257f3-phonegap phonegap@
34 silly lockFile 3a6257f3-phonegap phonegap@
35 silly resolved [ { name: 'phonegap',
35 silly resolved     description: 'PhoneGap command-line interface and node.js library.',
35 silly resolved     version: '3.0.0-0.14.0',
35 silly resolved     homepage: 'http://github.com/mwbrooks/phonegap-cli',
35 silly resolved     repository:
35 silly resolved      { type: 'git',
35 silly resolved        url: 'git://github.com/mwbrooks/phonegap-cli.git' },
35 silly resolved     keywords:
35 silly resolved      [ 'cli',
35 silly resolved        'cordova',
35 silly resolved        'phonegap',
35 silly resolved        'phonegap build',
35 silly resolved        'phonegap/build' ],
35 silly resolved     preferGlobal: 'true',
35 silly resolved     main: './lib/main.js',
35 silly resolved     bin: { phonegap: './bin/phonegap.js' },
35 silly resolved     scripts: { test: 'jasmine-node --color spec' },
35 silly resolved     engineStrict: 'true',
35 silly resolved     engines: { node: '>=0.10.0' },
35 silly resolved     dependencies:
35 silly resolved      { colors: '0.6.0-1',
35 silly resolved        cordova: '3.0.0',
35 silly resolved        'node-static': '0.7.0',
35 silly resolved        optimist: '0.6.0',
35 silly resolved        'phonegap-build': '0.8.3',
35 silly resolved        pluralize: '0.0.4',
35 silly resolved        prompt: '0.2.11',
35 silly resolved        'qrcode-terminal': '0.9.4',
35 silly resolved        semver: '1.1.0',
35 silly resolved        shelljs: '0.1.4' },
35 silly resolved     devDependencies: { 'jasmine-node': '1.8.0', chdir: '0.0.x' },
35 silly resolved     optionalDependencies: {},
35 silly resolved     author:
35 silly resolved      { name: 'Michael Brooks',
35 silly resolved        email: 'michael@michaelbrooks.ca',
35 silly resolved        url: 'http://michaelbrooks.ca/' },
35 silly resolved     contributors: [],
35 silly resolved     readme: '# PhoneGap CLI [![Build Status][travis-ci-img]][travis-ci-url]\n\n> PhoneGap command-line interface and Node.js library.\n\n## Command-line\n\n### Install\n\n    $ npm install -g phonegap\n\n[Install ios-sim](https://github.com/phonegap/ios-sim#installation) to deploy\napps to the iOS simulator.\n\n### Getting Started\n\n    $ phonegap create my-app    # create a PhoneGap project\n    $ cd my-app                 # change to project directory\n    $ phonegap run ios          # build and install the app to iOS\n\n### Usage\n\n    Usage: phonegap [options] [commands]\n\n    Description:\n\n      PhoneGap command-line tool.\n\n    Commands:\n\n      create <path>        create a phonegap project\n      build <platform>     build a specific platform\n      install <platform>   install a specific platform\n      run <platform>       build and install a specific platform\n      local [command]      development on local system\n      remote [command]     development in cloud with phonegap/build\n      help [command]       output usage information\n      version              output version number\n\n    Options:\n\n      -V, --verbose        allow verbose output\n      -v, --version        output version number\n      -h, --help           output usage information\n\n    Platforms:\n\n      keyword            | local environment | remote environment\n      -------------------|-------------------|-------------------\n      android            | ✔                 | ✔\n      blackberry         | ✔ (BlackBerry 10) | ✔ (BlackBerry 6)\n      ios                | ✔                 | ✔\n      symbian            | ✖                 | ✔\n      webos              | ✖                 | ✔\n      wp7                | ✔                 | ✔\n      wp8                | ✔                 | ✖\n\n    Examples:\n\n      $ phonegap help create\n      $ phonegap help remote build\n      $ phonegap create path/to/my-app\n      $ phonegap remote build android\n\n#### Local Usage\n\n    Usage: phonegap local [command]\n\n    Description:\n\n      Executes the command on the local system.\n\n      This requires that platform SDK is correctly installed.\n\n    Commands:\n\n      build <platform>     build a specific platform\n      install <platform>   install a specific platform\n      run <platform>       build and install a specific platform\n      plugin <command>     add, remove, and list plugins\n\n    Examples:\n\n      $ phonegap local build android\n      $ phonegap local run android\n      $ phonegap local plugin list\n\n#### Remote Usage\n\n    Usage: phonegap remote [command]\n\n    Description:\n\n      Executes the command remotely using the cloud-based PhoneGap/Build service.\n\n    Commands:\n\n      login                login to PhoneGap/Build\n      logout               logout of PhoneGap/Build\n      build <platform>     build a specific platform\n      install <platform>   install a specific platform\n      run <platform>       build and install a specific platform\n\n    Examples:\n\n      $ phonegap remote login\n      $ phonegap remote build android\n      $ phonegap remote run android\n\n## Node Library\n\n### Usage\n\n    var phonegap = require(\'phonegap\');\n\n[travis-ci-img]: https://secure.travis-ci.org/mwbrooks/phonegap-cli.png\n[travis-ci-url]: http://travis-ci.org/mwbrooks/phonegap-cli\n\n',
35 silly resolved     readmeFilename: 'README.md',
35 silly resolved     bugs: { url: 'https://github.com/mwbrooks/phonegap-cli/issues' },
35 silly resolved     _id: 'phonegap@3.0.0-0.14.0',
35 silly resolved     _from: 'phonegap@' } ]
36 info install phonegap@3.0.0-0.14.0 into /usr/local/lib
37 info installOne phonegap@3.0.0-0.14.0
38 info /usr/local/lib/node_modules/phonegap unbuild
39 info preuninstall phonegap@3.0.0-0.14.0
40 info uninstall phonegap@3.0.0-0.14.0
41 verbose true,/usr/local/lib/node_modules,/usr/local/lib/node_modules unbuild phonegap@3.0.0-0.14.0
42 verbose /usr/local/bin,[object Object] binRoot
43 info postuninstall phonegap@3.0.0-0.14.0
44 verbose tar unpack /Users/faraaz/.npm/phonegap/3.0.0-0.14.0/package.tgz
45 silly lockFile f38db7ac--local-lib-node-modules-phonegap tar:///usr/local/lib/node_modules/phonegap
46 verbose lock tar:///usr/local/lib/node_modules/phonegap /Users/faraaz/.npm/f38db7ac--local-lib-node-modules-phonegap.lock
47 silly lockFile a4ff1525-honegap-3-0-0-0-14-0-package-tgz tar:///Users/faraaz/.npm/phonegap/3.0.0-0.14.0/package.tgz
48 verbose lock tar:///Users/faraaz/.npm/phonegap/3.0.0-0.14.0/package.tgz /Users/faraaz/.npm/a4ff1525-honegap-3-0-0-0-14-0-package-tgz.lock
49 silly gunzTarPerm modes [ '755', '644' ]
50 silly gunzTarPerm extractEntry package.json
51 silly gunzTarPerm extractEntry .npmignore
52 silly gunzTarPerm extractEntry README.md
53 error TypeError: uid must be an int
53 error     at Object.fs.chown (fs.js:840:11)
53 error     at Object.chown (/usr/local/lib/node_modules/npm/node_modules/graceful-fs/polyfills.js:131:17)
53 error     at endChown (/usr/local/lib/node_modules/npm/node_modules/fstream/lib/writer.js:212:12)
53 error     at setProps (/usr/local/lib/node_modules/npm/node_modules/fstream/lib/writer.js:295:5)
53 error     at /usr/local/lib/node_modules/npm/node_modules/fstream/lib/writer.js:286:7
53 error     at Object.oncomplete (fs.js:94:15)
54 error If you need help, you may report this log at:
54 error     <http://github.com/isaacs/npm/issues>
54 error or email it to:
54 error     <npm-@googlegroups.com>
55 error System Darwin 12.4.0
56 error command "/usr/local/bin/node" "/usr/local/bin/npm" "install" "-g" "phonegap"
57 error cwd /Users/faraaz/Dropbox/RemindersIpadClient
58 error node -v v0.11.5-pre
59 error npm -v 1.3.4
60 verbose exit [ 1, true ]
